<?xml version="1.0" encoding="UTF-8" standalone="no"?>
<testsuite errors="0" failures="0" name="io.cucumber.core.plugin.JUnitFormatter" skipped="0" tests="2" time="12.879">
    <testcase classname="feature to test login functionality with parameters" name="Check login is successful with valid creditionals" time="7.056">
        <system-out><![CDATA[Given user is on login page.................................................passed
When user enters name1 and 12345............................................passed
And clicks on login page....................................................passed
Then user is navigated to the home use India................................passed
]]></system-out>
    </testcase>
    <testcase classname="feature to test login functionality with parameters" name="Check login is successful with valid creditionals 2" time="5.711">
        <system-out><![CDATA[Given user is on login page.................................................passed
When user enters name2 and 12345............................................passed
And clicks on login page....................................................passed
Then user is navigated to the home use Russia...............................passed
]]></system-out>
    </testcase>
</testsuite>
