<?xml version="1.0" encoding="UTF-8" standalone="no"?>
<testsuite errors="0" failures="2" name="io.cucumber.core.plugin.JUnitFormatter" skipped="0" tests="2" time="0.183">
    <testcase classname="to test tags" name="scenario2" time="0.03">
        <failure message="The scenario has pending or undefined step(s)" type="java.lang.Exception"><![CDATA[Given "User Given"..........................................................undefined
When "User when"............................................................skipped
And "User And"..............................................................skipped
Then "User Then"............................................................skipped
]]></failure>
    </testcase>
    <testcase classname="to test tags" name="scenario2_2" time="0.001">
        <failure message="The scenario has pending or undefined step(s)" type="java.lang.Exception"><![CDATA[Given "User Given"..........................................................undefined
When "User when"............................................................skipped
And "User And"..............................................................skipped
Then "User Then"............................................................skipped
]]></failure>
    </testcase>
</testsuite>
